\BOOKMARK [0][-]{chapter.1}{\376\377\000I\000n\000t\000r\000o\000d\000u\000c\000i\000\363\000n}{}% 1
\BOOKMARK [1][-]{section.1.1}{\376\377\000D\000a\000t\000o\000s\000\040\000d\000a\000\040\000p\000r\000\341\000c\000t\000i\000c\000a}{chapter.1}% 2
\BOOKMARK [1][-]{section.1.2}{Obxectivos}{chapter.1}% 3
\BOOKMARK [2][-]{subsection.1.2.1}{Obxectivos\040xerais}{section.1.2}% 4
\BOOKMARK [2][-]{subsection.1.2.2}{Obxectivos\040concretos}{section.1.2}% 5
\BOOKMARK [0][-]{chapter.2}{\376\377\000F\000e\000r\000r\000a\000m\000e\000n\000t\000a\000s\000\040\000e\000\040\000t\000e\000c\000n\000o\000l\000o\000x\000\355\000a\000s}{}% 6
\BOOKMARK [1][-]{section.2.1}{\376\377\000F\000e\000r\000r\000a\000m\000e\000n\000t\000a\000s\000\040\000e\000\040\000t\000e\000c\000n\000o\000l\000o\000x\000\355\000a\000s}{chapter.2}% 7
\BOOKMARK [2][-]{subsection.2.1.1}{\376\377\000T\000e\000c\000n\000o\000l\000o\000x\000\355\000a\000\040\0001\000:\000\040\000V\000S\000C\000o\000d\000e}{section.2.1}% 8
\BOOKMARK [2][-]{subsection.2.1.2}{\376\377\000T\000e\000c\000n\000o\000l\000o\000x\000\355\000a\000\040\0002\000:\000\040\000G\000i\000t\000h\000u\000b}{section.2.1}% 9
\BOOKMARK [2][-]{subsection.2.1.3}{\376\377\000T\000e\000c\000n\000o\000l\000o\000x\000\355\000a\000\040\0003\000:\000\040\000J\000i\000r\000a}{section.2.1}% 10
\BOOKMARK [2][-]{subsection.2.1.4}{\376\377\000T\000e\000c\000n\000o\000l\000o\000x\000\355\000a\000\040\0004\000:\000\040\000M\000o\000d\000e\000l\000o\000s\000\040\000C\000L\000I\000P}{section.2.1}% 11
\BOOKMARK [2][-]{subsection.2.1.5}{\376\377\000T\000e\000c\000n\000o\000l\000o\000x\000\355\000a\000\040\0005\000:\000\040\000u\000v}{section.2.1}% 12
\BOOKMARK [0][-]{chapter.3}{\376\377\000D\000e\000s\000e\000n\000v\000o\000l\000v\000e\000m\000e\000n\000t\000o\000\040\000d\000a\000\040\000p\000r\000\341\000c\000t\000i\000c\000a}{}% 13
\BOOKMARK [1][-]{section.3.1}{Actividades\040realizadas}{chapter.3}% 14
\BOOKMARK [2][-]{subsection.3.1.1}{\376\377\000A\000c\000t\000i\000v\000i\000d\000a\000d\000\040\0001\000:\000\040\000F\000a\000m\000i\000l\000i\000a\000r\000i\000z\000a\000c\000i\000\363\000n\000\040\000c\000o\000n\000\040\000e\000l\000\040\000p\000r\000o\000b\000l\000e\000m\000a}{section.3.1}% 15
\BOOKMARK [2][-]{subsection.3.1.2}{\376\377\000A\000c\000t\000i\000v\000i\000d\000a\000d\000\040\0002\000:\000\040\000F\000r\000a\000m\000e\000w\000o\000r\000k\000\040\000d\000e\000\040\000e\000v\000a\000l\000u\000a\000c\000i\000\363\000n}{section.3.1}% 16
\BOOKMARK [2][-]{subsection.3.1.3}{\376\377\000A\000c\000t\000i\000v\000i\000d\000a\000d\000\040\0003\000:\000\040\000I\000n\000t\000e\000g\000r\000a\000c\000i\000\363\000n}{section.3.1}% 17
\BOOKMARK [0][-]{chapter.4}{\376\377\000C\000o\000n\000c\000l\000u\000s\000i\000\363\000n\000s}{}% 18
\BOOKMARK [1][-]{section.4.1}{\376\377\000R\000e\000l\000a\000c\000i\000\363\000n\000s\000\040\000c\000o\000a\000\040\000t\000i\000t\000u\000l\000a\000c\000i\000\363\000n}{chapter.4}% 19
\BOOKMARK [1][-]{section.4.2}{\376\377\000V\000a\000l\000o\000r\000a\000c\000i\000\363\000n\000s\000\040\000d\000a\000\040\000p\000r\000\341\000c\000t\000i\000c\000a}{chapter.4}% 20
\BOOKMARK [0][-]{chapter*.14}{\376\377\000B\000i\000b\000l\000i\000o\000g\000r\000a\000f\000\355\000a}{}% 21
